::1 - - [26/Apr/2021:15:51:58 +0700] "GET /wp-admin/ HTTP/1.1" 302 - "-" "Mozilla/5.0 (Windows NT 10.0; Win64; x64) AppleWebKit/537.36 (KHTML, like Gecko) Chrome/90.0.4430.85 Safari/537.36"
::1 - - [26/Apr/2021:15:51:59 +0700] "GET /wp-admin/setup-config.php HTTP/1.1" 200 12781 "-" "Mozilla/5.0 (Windows NT 10.0; Win64; x64) AppleWebKit/537.36 (KHTML, like Gecko) Chrome/90.0.4430.85 Safari/537.36"
::1 - - [26/Apr/2021:15:52:22 +0700] "POST /wp-admin/setup-config.php?step=0 HTTP/1.1" 200 2741 "http://wordpress.local/wp-admin/setup-config.php" "Mozilla/5.0 (Windows NT 10.0; Win64; x64) AppleWebKit/537.36 (KHTML, like Gecko) Chrome/90.0.4430.85 Safari/537.36"
::1 - - [26/Apr/2021:15:52:24 +0700] "GET /wp-admin/setup-config.php?step=1 HTTP/1.1" 200 3376 "http://wordpress.local/wp-admin/setup-config.php?step=0" "Mozilla/5.0 (Windows NT 10.0; Win64; x64) AppleWebKit/537.36 (KHTML, like Gecko) Chrome/90.0.4430.85 Safari/537.36"
::1 - - [26/Apr/2021:15:52:35 +0700] "POST /wp-admin/setup-config.php?step=2 HTTP/1.1" 200 1829 "http://wordpress.local/wp-admin/setup-config.php?step=1" "Mozilla/5.0 (Windows NT 10.0; Win64; x64) AppleWebKit/537.36 (KHTML, like Gecko) Chrome/90.0.4430.85 Safari/537.36"
::1 - - [26/Apr/2021:15:52:37 +0700] "POST /wp-cron.php?doing_wp_cron=1619427157.5458979606628417968750 HTTP/1.1" 200 - "http://wordpress.local/wp-cron.php?doing_wp_cron=1619427157.5458979606628417968750" "WordPress/5.7.1; http://wordpress.local"
::1 - - [26/Apr/2021:15:52:37 +0700] "GET /wp-admin/install.php?language=en_US HTTP/1.1" 200 1293 "http://wordpress.local/wp-admin/setup-config.php?step=2" "Mozilla/5.0 (Windows NT 10.0; Win64; x64) AppleWebKit/537.36 (KHTML, like Gecko) Chrome/90.0.4430.85 Safari/537.36"
::1 - - [26/Apr/2021:15:52:40 +0700] "GET /wp-login.php HTTP/1.1" 200 7274 "http://wordpress.local/wp-admin/install.php?language=en_US" "Mozilla/5.0 (Windows NT 10.0; Win64; x64) AppleWebKit/537.36 (KHTML, like Gecko) Chrome/90.0.4430.85 Safari/537.36"
::1 - - [26/Apr/2021:15:52:44 +0700] "POST /wp-login.php HTTP/1.1" 302 - "http://wordpress.local/wp-login.php" "Mozilla/5.0 (Windows NT 10.0; Win64; x64) AppleWebKit/537.36 (KHTML, like Gecko) Chrome/90.0.4430.85 Safari/537.36"
::1 - - [26/Apr/2021:15:52:44 +0700] "GET /wp-admin/ HTTP/1.1" 200 68863 "http://wordpress.local/wp-login.php" "Mozilla/5.0 (Windows NT 10.0; Win64; x64) AppleWebKit/537.36 (KHTML, like Gecko) Chrome/90.0.4430.85 Safari/537.36"
::1 - - [26/Apr/2021:15:52:47 +0700] "POST /wp-admin/admin-ajax.php HTTP/1.1" 200 443 "http://wordpress.local/wp-admin/" "Mozilla/5.0 (Windows NT 10.0; Win64; x64) AppleWebKit/537.36 (KHTML, like Gecko) Chrome/90.0.4430.85 Safari/537.36"
::1 - - [26/Apr/2021:15:53:16 +0700] "GET /wp-admin/plugins.php HTTP/1.1" 200 44109 "http://wordpress.local/wp-admin/" "Mozilla/5.0 (Windows NT 10.0; Win64; x64) AppleWebKit/537.36 (KHTML, like Gecko) Chrome/90.0.4430.85 Safari/537.36"
::1 - - [26/Apr/2021:15:53:20 +0700] "GET /wp-admin/themes.php HTTP/1.1" 200 52941 "http://wordpress.local/wp-admin/plugins.php" "Mozilla/5.0 (Windows NT 10.0; Win64; x64) AppleWebKit/537.36 (KHTML, like Gecko) Chrome/90.0.4430.85 Safari/537.36"
::1 - - [26/Apr/2021:15:53:34 +0700] "GET /wp-admin/theme-install.php HTTP/1.1" 200 45243 "http://wordpress.local/wp-admin/themes.php" "Mozilla/5.0 (Windows NT 10.0; Win64; x64) AppleWebKit/537.36 (KHTML, like Gecko) Chrome/90.0.4430.85 Safari/537.36"
::1 - - [26/Apr/2021:15:53:35 +0700] "POST /wp-admin/admin-ajax.php HTTP/1.1" 200 29595 "http://wordpress.local/wp-admin/theme-install.php?browse=featured" "Mozilla/5.0 (Windows NT 10.0; Win64; x64) AppleWebKit/537.36 (KHTML, like Gecko) Chrome/90.0.4430.85 Safari/537.36"
::1 - - [26/Apr/2021:15:53:41 +0700] "POST /wp-admin/admin-ajax.php HTTP/1.1" 200 316 "http://wordpress.local/wp-admin/theme-install.php?browse=featured" "Mozilla/5.0 (Windows NT 10.0; Win64; x64) AppleWebKit/537.36 (KHTML, like Gecko) Chrome/90.0.4430.85 Safari/537.36"
::1 - - [26/Apr/2021:15:54:05 +0700] "GET /wp-admin/themes.php?action=activate&_wpnonce=c377a09005&stylesheet=izabel HTTP/1.1" 302 - "http://wordpress.local/wp-admin/theme-install.php?browse=featured" "Mozilla/5.0 (Windows NT 10.0; Win64; x64) AppleWebKit/537.36 (KHTML, like Gecko) Chrome/90.0.4430.85 Safari/537.36"
::1 - - [26/Apr/2021:15:54:06 +0700] "GET /wp-admin/themes.php?activated=true HTTP/1.1" 200 59371 "http://wordpress.local/wp-admin/theme-install.php?browse=featured" "Mozilla/5.0 (Windows NT 10.0; Win64; x64) AppleWebKit/537.36 (KHTML, like Gecko) Chrome/90.0.4430.85 Safari/537.36"
::1 - - [26/Apr/2021:15:54:07 +0700] "GET /wp-content/themes/izabel/screenshot.png HTTP/1.1" 200 192972 "http://wordpress.local/wp-admin/themes.php" "Mozilla/5.0 (Windows NT 10.0; Win64; x64) AppleWebKit/537.36 (KHTML, like Gecko) Chrome/90.0.4430.85 Safari/537.36"
::1 - - [26/Apr/2021:15:55:08 +0700] "POST /wp-admin/admin-ajax.php HTTP/1.1" 200 47 "http://wordpress.local/wp-admin/themes.php" "Mozilla/5.0 (Windows NT 10.0; Win64; x64) AppleWebKit/537.36 (KHTML, like Gecko) Chrome/90.0.4430.85 Safari/537.36"
::1 - - [26/Apr/2021:15:56:09 +0700] "POST /wp-admin/admin-ajax.php HTTP/1.1" 200 47 "http://wordpress.local/wp-admin/themes.php" "Mozilla/5.0 (Windows NT 10.0; Win64; x64) AppleWebKit/537.36 (KHTML, like Gecko) Chrome/90.0.4430.85 Safari/537.36"
::1 - - [26/Apr/2021:15:57:22 +0700] "POST /wp-admin/admin-ajax.php HTTP/1.1" 200 47 "http://wordpress.local/wp-admin/themes.php" "Mozilla/5.0 (Windows NT 10.0; Win64; x64) AppleWebKit/537.36 (KHTML, like Gecko) Chrome/90.0.4430.85 Safari/537.36"
::1 - - [26/Apr/2021:15:58:23 +0700] "POST /wp-admin/admin-ajax.php HTTP/1.1" 200 47 "http://wordpress.local/wp-admin/themes.php" "Mozilla/5.0 (Windows NT 10.0; Win64; x64) AppleWebKit/537.36 (KHTML, like Gecko) Chrome/90.0.4430.85 Safari/537.36"
::1 - - [26/Apr/2021:16:00:06 +0700] "GET /wp-admin/ HTTP/1.1" 200 71216 "-" "Mozilla/5.0 (Windows NT 10.0; Win64; x64) AppleWebKit/537.36 (KHTML, like Gecko) Chrome/90.0.4430.85 Safari/537.36"
::1 - - [26/Apr/2021:16:00:11 +0700] "POST /wp-admin/admin-ajax.php HTTP/1.1" 200 443 "http://wordpress.local/wp-admin/" "Mozilla/5.0 (Windows NT 10.0; Win64; x64) AppleWebKit/537.36 (KHTML, like Gecko) Chrome/90.0.4430.85 Safari/537.36"
::1 - - [26/Apr/2021:16:00:24 +0700] "POST /wp-admin/admin-ajax.php HTTP/1.1" 200 47 "http://wordpress.local/wp-admin/themes.php" "Mozilla/5.0 (Windows NT 10.0; Win64; x64) AppleWebKit/537.36 (KHTML, like Gecko) Chrome/90.0.4430.85 Safari/537.36"
::1 - - [26/Apr/2021:16:00:24 +0700] "POST /wp-admin/admin-ajax.php HTTP/1.1" 200 443 "http://wordpress.local/wp-admin/" "Mozilla/5.0 (Windows NT 10.0; Win64; x64) AppleWebKit/537.36 (KHTML, like Gecko) Chrome/90.0.4430.85 Safari/537.36"
::1 - - [26/Apr/2021:16:01:25 +0700] "POST /wp-admin/admin-ajax.php HTTP/1.1" 200 47 "http://wordpress.local/wp-admin/" "Mozilla/5.0 (Windows NT 10.0; Win64; x64) AppleWebKit/537.36 (KHTML, like Gecko) Chrome/90.0.4430.85 Safari/537.36"
::1 - - [26/Apr/2021:16:02:25 +0700] "POST /wp-admin/admin-ajax.php HTTP/1.1" 200 47 "http://wordpress.local/wp-admin/themes.php" "Mozilla/5.0 (Windows NT 10.0; Win64; x64) AppleWebKit/537.36 (KHTML, like Gecko) Chrome/90.0.4430.85 Safari/537.36"
::1 - - [26/Apr/2021:16:03:26 +0700] "POST /wp-admin/admin-ajax.php HTTP/1.1" 200 47 "http://wordpress.local/wp-admin/" "Mozilla/5.0 (Windows NT 10.0; Win64; x64) AppleWebKit/537.36 (KHTML, like Gecko) Chrome/90.0.4430.85 Safari/537.36"
::1 - - [26/Apr/2021:16:04:26 +0700] "POST /wp-admin/admin-ajax.php HTTP/1.1" 200 47 "http://wordpress.local/wp-admin/themes.php" "Mozilla/5.0 (Windows NT 10.0; Win64; x64) AppleWebKit/537.36 (KHTML, like Gecko) Chrome/90.0.4430.85 Safari/537.36"
::1 - - [26/Apr/2021:16:05:27 +0700] "POST /wp-admin/admin-ajax.php HTTP/1.1" 200 47 "http://wordpress.local/wp-admin/" "Mozilla/5.0 (Windows NT 10.0; Win64; x64) AppleWebKit/537.36 (KHTML, like Gecko) Chrome/90.0.4430.85 Safari/537.36"
::1 - - [26/Apr/2021:16:06:27 +0700] "POST /wp-admin/admin-ajax.php HTTP/1.1" 200 47 "http://wordpress.local/wp-admin/themes.php" "Mozilla/5.0 (Windows NT 10.0; Win64; x64) AppleWebKit/537.36 (KHTML, like Gecko) Chrome/90.0.4430.85 Safari/537.36"
::1 - - [26/Apr/2021:16:07:28 +0700] "POST /wp-admin/admin-ajax.php HTTP/1.1" 200 47 "http://wordpress.local/wp-admin/" "Mozilla/5.0 (Windows NT 10.0; Win64; x64) AppleWebKit/537.36 (KHTML, like Gecko) Chrome/90.0.4430.85 Safari/537.36"
::1 - - [26/Apr/2021:16:09:29 +0700] "POST /wp-admin/admin-ajax.php HTTP/1.1" 200 47 "http://wordpress.local/wp-admin/" "Mozilla/5.0 (Windows NT 10.0; Win64; x64) AppleWebKit/537.36 (KHTML, like Gecko) Chrome/90.0.4430.85 Safari/537.36"
::1 - - [26/Apr/2021:16:11:30 +0700] "POST /wp-admin/admin-ajax.php HTTP/1.1" 200 47 "http://wordpress.local/wp-admin/" "Mozilla/5.0 (Windows NT 10.0; Win64; x64) AppleWebKit/537.36 (KHTML, like Gecko) Chrome/90.0.4430.85 Safari/537.36"
::1 - - [26/Apr/2021:16:13:31 +0700] "POST /wp-admin/admin-ajax.php HTTP/1.1" 200 47 "http://wordpress.local/wp-admin/" "Mozilla/5.0 (Windows NT 10.0; Win64; x64) AppleWebKit/537.36 (KHTML, like Gecko) Chrome/90.0.4430.85 Safari/537.36"
::1 - - [26/Apr/2021:16:15:32 +0700] "POST /wp-admin/admin-ajax.php HTTP/1.1" 200 47 "http://wordpress.local/wp-admin/" "Mozilla/5.0 (Windows NT 10.0; Win64; x64) AppleWebKit/537.36 (KHTML, like Gecko) Chrome/90.0.4430.85 Safari/537.36"
::1 - - [26/Apr/2021:16:17:33 +0700] "POST /wp-admin/admin-ajax.php HTTP/1.1" 200 47 "http://wordpress.local/wp-admin/" "Mozilla/5.0 (Windows NT 10.0; Win64; x64) AppleWebKit/537.36 (KHTML, like Gecko) Chrome/90.0.4430.85 Safari/537.36"
::1 - - [26/Apr/2021:16:18:34 +0700] "POST /wp-admin/admin-ajax.php HTTP/1.1" 200 47 "http://wordpress.local/wp-admin/" "Mozilla/5.0 (Windows NT 10.0; Win64; x64) AppleWebKit/537.36 (KHTML, like Gecko) Chrome/90.0.4430.85 Safari/537.36"
::1 - - [26/Apr/2021:16:20:04 +0700] "POST /wp-admin/admin-ajax.php HTTP/1.1" 200 47 "http://wordpress.local/wp-admin/" "Mozilla/5.0 (Windows NT 10.0; Win64; x64) AppleWebKit/537.36 (KHTML, like Gecko) Chrome/90.0.4430.85 Safari/537.36"
::1 - - [26/Apr/2021:16:21:05 +0700] "POST /wp-admin/admin-ajax.php HTTP/1.1" 200 47 "http://wordpress.local/wp-admin/" "Mozilla/5.0 (Windows NT 10.0; Win64; x64) AppleWebKit/537.36 (KHTML, like Gecko) Chrome/90.0.4430.85 Safari/537.36"
::1 - - [26/Apr/2021:16:23:06 +0700] "POST /wp-admin/admin-ajax.php HTTP/1.1" 200 47 "http://wordpress.local/wp-admin/" "Mozilla/5.0 (Windows NT 10.0; Win64; x64) AppleWebKit/537.36 (KHTML, like Gecko) Chrome/90.0.4430.85 Safari/537.36"
::1 - - [26/Apr/2021:16:24:28 +0700] "POST /wp-admin/admin-ajax.php HTTP/1.1" 200 47 "http://wordpress.local/wp-admin/themes.php" "Mozilla/5.0 (Windows NT 10.0; Win64; x64) AppleWebKit/537.36 (KHTML, like Gecko) Chrome/90.0.4430.85 Safari/537.36"
::1 - - [26/Apr/2021:16:24:30 +0700] "GET /wp-admin/themes.php HTTP/1.1" 200 59207 "-" "Mozilla/5.0 (Windows NT 10.0; Win64; x64) AppleWebKit/537.36 (KHTML, like Gecko) Chrome/90.0.4430.85 Safari/537.36"
::1 - - [26/Apr/2021:16:24:34 +0700] "GET /wp-content/themes/izabel/screenshot.png HTTP/1.1" 304 - "http://wordpress.local/wp-admin/themes.php" "Mozilla/5.0 (Windows NT 10.0; Win64; x64) AppleWebKit/537.36 (KHTML, like Gecko) Chrome/90.0.4430.85 Safari/537.36"
::1 - - [26/Apr/2021:16:25:07 +0700] "POST /wp-admin/admin-ajax.php HTTP/1.1" 200 47 "http://wordpress.local/wp-admin/" "Mozilla/5.0 (Windows NT 10.0; Win64; x64) AppleWebKit/537.36 (KHTML, like Gecko) Chrome/90.0.4430.85 Safari/537.36"
::1 - - [26/Apr/2021:16:25:36 +0700] "POST /wp-admin/admin-ajax.php HTTP/1.1" 200 47 "http://wordpress.local/wp-admin/themes.php" "Mozilla/5.0 (Windows NT 10.0; Win64; x64) AppleWebKit/537.36 (KHTML, like Gecko) Chrome/90.0.4430.85 Safari/537.36"
::1 - - [26/Apr/2021:16:26:36 +0700] "POST /wp-admin/admin-ajax.php HTTP/1.1" 200 47 "http://wordpress.local/wp-admin/themes.php" "Mozilla/5.0 (Windows NT 10.0; Win64; x64) AppleWebKit/537.36 (KHTML, like Gecko) Chrome/90.0.4430.85 Safari/537.36"
::1 - - [26/Apr/2021:16:27:08 +0700] "POST /wp-admin/admin-ajax.php HTTP/1.1" 200 47 "http://wordpress.local/wp-admin/" "Mozilla/5.0 (Windows NT 10.0; Win64; x64) AppleWebKit/537.36 (KHTML, like Gecko) Chrome/90.0.4430.85 Safari/537.36"
::1 - - [26/Apr/2021:16:27:36 +0700] "POST /wp-admin/admin-ajax.php HTTP/1.1" 200 47 "http://wordpress.local/wp-admin/themes.php" "Mozilla/5.0 (Windows NT 10.0; Win64; x64) AppleWebKit/537.36 (KHTML, like Gecko) Chrome/90.0.4430.85 Safari/537.36"
::1 - - [26/Apr/2021:16:28:36 +0700] "POST /wp-admin/admin-ajax.php HTTP/1.1" 200 47 "http://wordpress.local/wp-admin/themes.php" "Mozilla/5.0 (Windows NT 10.0; Win64; x64) AppleWebKit/537.36 (KHTML, like Gecko) Chrome/90.0.4430.85 Safari/537.36"
::1 - - [26/Apr/2021:16:29:09 +0700] "POST /wp-admin/admin-ajax.php HTTP/1.1" 200 47 "http://wordpress.local/wp-admin/" "Mozilla/5.0 (Windows NT 10.0; Win64; x64) AppleWebKit/537.36 (KHTML, like Gecko) Chrome/90.0.4430.85 Safari/537.36"
::1 - - [26/Apr/2021:16:29:36 +0700] "POST /wp-admin/admin-ajax.php HTTP/1.1" 200 47 "http://wordpress.local/wp-admin/themes.php" "Mozilla/5.0 (Windows NT 10.0; Win64; x64) AppleWebKit/537.36 (KHTML, like Gecko) Chrome/90.0.4430.85 Safari/537.36"
::1 - - [26/Apr/2021:16:30:36 +0700] "POST /wp-admin/admin-ajax.php HTTP/1.1" 200 47 "http://wordpress.local/wp-admin/themes.php" "Mozilla/5.0 (Windows NT 10.0; Win64; x64) AppleWebKit/537.36 (KHTML, like Gecko) Chrome/90.0.4430.85 Safari/537.36"
::1 - - [26/Apr/2021:16:31:36 +0700] "POST /wp-admin/admin-ajax.php HTTP/1.1" 200 47 "http://wordpress.local/wp-admin/themes.php" "Mozilla/5.0 (Windows NT 10.0; Win64; x64) AppleWebKit/537.36 (KHTML, like Gecko) Chrome/90.0.4430.85 Safari/537.36"
::1 - - [26/Apr/2021:16:32:36 +0700] "POST /wp-admin/admin-ajax.php HTTP/1.1" 200 47 "http://wordpress.local/wp-admin/themes.php" "Mozilla/5.0 (Windows NT 10.0; Win64; x64) AppleWebKit/537.36 (KHTML, like Gecko) Chrome/90.0.4430.85 Safari/537.36"
::1 - - [26/Apr/2021:16:33:59 +0700] "POST /wp-admin/admin-ajax.php HTTP/1.1" 200 47 "http://wordpress.local/wp-admin/themes.php" "Mozilla/5.0 (Windows NT 10.0; Win64; x64) AppleWebKit/537.36 (KHTML, like Gecko) Chrome/90.0.4430.85 Safari/537.36"
::1 - - [26/Apr/2021:16:35:00 +0700] "POST /wp-admin/admin-ajax.php HTTP/1.1" 200 47 "http://wordpress.local/wp-admin/themes.php" "Mozilla/5.0 (Windows NT 10.0; Win64; x64) AppleWebKit/537.36 (KHTML, like Gecko) Chrome/90.0.4430.85 Safari/537.36"
::1 - - [26/Apr/2021:16:37:01 +0700] "POST /wp-admin/admin-ajax.php HTTP/1.1" 200 47 "http://wordpress.local/wp-admin/themes.php" "Mozilla/5.0 (Windows NT 10.0; Win64; x64) AppleWebKit/537.36 (KHTML, like Gecko) Chrome/90.0.4430.85 Safari/537.36"
::1 - - [26/Apr/2021:16:39:02 +0700] "POST /wp-admin/admin-ajax.php HTTP/1.1" 200 47 "http://wordpress.local/wp-admin/themes.php" "Mozilla/5.0 (Windows NT 10.0; Win64; x64) AppleWebKit/537.36 (KHTML, like Gecko) Chrome/90.0.4430.85 Safari/537.36"
::1 - - [26/Apr/2021:16:41:03 +0700] "POST /wp-admin/admin-ajax.php HTTP/1.1" 200 47 "http://wordpress.local/wp-admin/themes.php" "Mozilla/5.0 (Windows NT 10.0; Win64; x64) AppleWebKit/537.36 (KHTML, like Gecko) Chrome/90.0.4430.85 Safari/537.36"
::1 - - [26/Apr/2021:16:43:04 +0700] "POST /wp-admin/admin-ajax.php HTTP/1.1" 200 47 "http://wordpress.local/wp-admin/themes.php" "Mozilla/5.0 (Windows NT 10.0; Win64; x64) AppleWebKit/537.36 (KHTML, like Gecko) Chrome/90.0.4430.85 Safari/537.36"
::1 - - [26/Apr/2021:16:45:09 +0700] "GET /wp-content/themes/izabel/style.css?ver=20210426-85347 HTTP/1.1" 200 189703 "http://wordpress.local/" "Mozilla/5.0 (Windows NT 10.0; Win64; x64) AppleWebKit/537.36 (KHTML, like Gecko) Chrome/90.0.4430.85 Safari/537.36"
::1 - - [26/Apr/2021:16:45:09 +0700] "GET /wp-content/themes/izabel/assets/css/blocks.css?ver=1.0 HTTP/1.1" 200 11912 "http://wordpress.local/" "Mozilla/5.0 (Windows NT 10.0; Win64; x64) AppleWebKit/537.36 (KHTML, like Gecko) Chrome/90.0.4430.85 Safari/537.36"
::1 - - [26/Apr/2021:16:45:09 +0700] "GET /wp-content/themes/izabel/assets/images/header-image.jpg HTTP/1.1" 200 124506 "http://wordpress.local/" "Mozilla/5.0 (Windows NT 10.0; Win64; x64) AppleWebKit/537.36 (KHTML, like Gecko) Chrome/90.0.4430.85 Safari/537.36"
::1 - - [26/Apr/2021:16:45:08 +0700] "GET / HTTP/1.1" 200 70544 "-" "Mozilla/5.0 (Windows NT 10.0; Win64; x64) AppleWebKit/537.36 (KHTML, like Gecko) Chrome/90.0.4430.85 Safari/537.36"
::1 - - [26/Apr/2021:16:45:09 +0700] "GET /wp-content/themes/izabel/assets/js/skip-link-focus-fix.min.js?ver=20160816 HTTP/1.1" 200 501 "http://wordpress.local/" "Mozilla/5.0 (Windows NT 10.0; Win64; x64) AppleWebKit/537.36 (KHTML, like Gecko) Chrome/90.0.4430.85 Safari/537.36"
::1 - - [26/Apr/2021:16:45:09 +0700] "GET /wp-content/themes/izabel/assets/js/jquery.matchHeight.min.js?ver=20151215 HTTP/1.1" 200 3242 "http://wordpress.local/" "Mozilla/5.0 (Windows NT 10.0; Win64; x64) AppleWebKit/537.36 (KHTML, like Gecko) Chrome/90.0.4430.85 Safari/537.36"
::1 - - [26/Apr/2021:16:45:09 +0700] "GET /wp-content/themes/izabel/assets/js/functions.min.js?ver=20160816 HTTP/1.1" 200 8873 "http://wordpress.local/" "Mozilla/5.0 (Windows NT 10.0; Win64; x64) AppleWebKit/537.36 (KHTML, like Gecko) Chrome/90.0.4430.85 Safari/537.36"
::1 - - [26/Apr/2021:16:45:09 +0700] "GET /wp-content/themes/izabel/assets/js/fitvids.min.js?ver=1.1 HTTP/1.1" 200 1484 "http://wordpress.local/" "Mozilla/5.0 (Windows NT 10.0; Win64; x64) AppleWebKit/537.36 (KHTML, like Gecko) Chrome/90.0.4430.85 Safari/537.36"
::1 - - [26/Apr/2021:16:45:22 +0700] "GET /wp-content/themes/izabel/inc/customizer/upgrade-button/customize-controls.css?ver=5.7.1 HTTP/1.1" 200 985 "http://wordpress.local/wp-admin/customize.php?url=http%3A%2F%2Fwordpress.local%2F" "Mozilla/5.0 (Windows NT 10.0; Win64; x64) AppleWebKit/537.36 (KHTML, like Gecko) Chrome/90.0.4430.85 Safari/537.36"
::1 - - [26/Apr/2021:16:45:22 +0700] "GET /wp-content/themes/izabel/inc/customizer/upgrade-button/customize-controls.js?ver=5.7.1 HTTP/1.1" 200 334 "http://wordpress.local/wp-admin/customize.php?url=http%3A%2F%2Fwordpress.local%2F" "Mozilla/5.0 (Windows NT 10.0; Win64; x64) AppleWebKit/537.36 (KHTML, like Gecko) Chrome/90.0.4430.85 Safari/537.36"
::1 - - [26/Apr/2021:16:45:22 +0700] "GET /wp-content/themes/izabel/assets/css/customizer.css?ver=5.7.1 HTTP/1.1" 200 3793 "http://wordpress.local/wp-admin/customize.php?url=http%3A%2F%2Fwordpress.local%2F" "Mozilla/5.0 (Windows NT 10.0; Win64; x64) AppleWebKit/537.36 (KHTML, like Gecko) Chrome/90.0.4430.85 Safari/537.36"
::1 - - [26/Apr/2021:16:45:23 +0700] "GET /wp-content/themes/izabel/assets/js/customizer-reset.min.js?ver=20190207 HTTP/1.1" 200 648 "http://wordpress.local/wp-admin/customize.php?url=http%3A%2F%2Fwordpress.local%2F" "Mozilla/5.0 (Windows NT 10.0; Win64; x64) AppleWebKit/537.36 (KHTML, like Gecko) Chrome/90.0.4430.85 Safari/537.36"
::1 - - [26/Apr/2021:16:45:14 +0700] "GET /wp-admin/customize.php?url=http%3A%2F%2Fwordpress.local%2F HTTP/1.1" 200 412608 "http://wordpress.local/" "Mozilla/5.0 (Windows NT 10.0; Win64; x64) AppleWebKit/537.36 (KHTML, like Gecko) Chrome/90.0.4430.85 Safari/537.36"
::1 - - [26/Apr/2021:16:45:24 +0700] "GET /wp-content/themes/izabel/assets/images/header-image-275x155.jpg HTTP/1.1" 200 5341 "http://wordpress.local/wp-admin/customize.php?url=http%3A%2F%2Fwordpress.local%2F" "Mozilla/5.0 (Windows NT 10.0; Win64; x64) AppleWebKit/537.36 (KHTML, like Gecko) Chrome/90.0.4430.85 Safari/537.36"
::1 - - [26/Apr/2021:16:45:25 +0700] "GET /wp-content/themes/izabel/assets/js/customize-preview.min.js?ver=20170816 HTTP/1.1" 200 942 "http://wordpress.local/?customize_changeset_uuid=465084f6-0527-405a-9728-adf92969d213&customize_theme=izabel&customize_messenger_channel=preview-0" "Mozilla/5.0 (Windows NT 10.0; Win64; x64) AppleWebKit/537.36 (KHTML, like Gecko) Chrome/90.0.4430.85 Safari/537.36"
::1 - - [26/Apr/2021:16:45:24 +0700] "GET /?customize_changeset_uuid=465084f6-0527-405a-9728-adf92969d213&customize_theme=izabel&customize_messenger_channel=preview-0 HTTP/1.1" 200 94582 "http://wordpress.local/wp-admin/customize.php?url=http%3A%2F%2Fwordpress.local%2F" "Mozilla/5.0 (Windows NT 10.0; Win64; x64) AppleWebKit/537.36 (KHTML, like Gecko) Chrome/90.0.4430.85 Safari/537.36"
::1 - - [26/Apr/2021:16:46:05 +0700] "GET /wp-login.php?redirect_to=http%3A%2F%2Flocalhost%2Fwordpress%2Fwp-admin%2F&reauth=1 HTTP/1.1" 200 7545 "-" "Mozilla/5.0 (Windows NT 10.0; Win64; x64) AppleWebKit/537.36 (KHTML, like Gecko) Chrome/90.0.4430.85 Safari/537.36"
::1 - - [26/Apr/2021:16:46:16 +0700] "POST /wp-login.php HTTP/1.1" 302 - "http://wordpress.local/wp-login.php?redirect_to=http%3A%2F%2Flocalhost%2Fwordpress%2Fwp-admin%2F&reauth=1" "Mozilla/5.0 (Windows NT 10.0; Win64; x64) AppleWebKit/537.36 (KHTML, like Gecko) Chrome/90.0.4430.85 Safari/537.36"
::1 - - [26/Apr/2021:16:46:16 +0700] "GET /wp-admin/ HTTP/1.1" 200 71216 "http://wordpress.local/wp-login.php?redirect_to=http%3A%2F%2Flocalhost%2Fwordpress%2Fwp-admin%2F&reauth=1" "Mozilla/5.0 (Windows NT 10.0; Win64; x64) AppleWebKit/537.36 (KHTML, like Gecko) Chrome/90.0.4430.85 Safari/537.36"
::1 - - [26/Apr/2021:16:46:18 +0700] "POST /wp-admin/admin-ajax.php HTTP/1.1" 200 443 "http://wordpress.local/wp-admin/" "Mozilla/5.0 (Windows NT 10.0; Win64; x64) AppleWebKit/537.36 (KHTML, like Gecko) Chrome/90.0.4430.85 Safari/537.36"
::1 - - [17/May/2021:12:21:27 +0700] "POST /wp-cron.php?doing_wp_cron=1621228887.3459000587463378906250 HTTP/1.1" 200 - "http://wordpress.local/wp-cron.php?doing_wp_cron=1621228887.3459000587463378906250" "WordPress/5.7.1; http://wordpress.local"
::1 - - [17/May/2021:12:21:30 +0700] "GET /wp-includes/css/dist/block-library/theme.min.css?ver=5.7.1 HTTP/1.1" 200 2714 "http://wordpress.local/" "Mozilla/5.0 (Windows NT 10.0; WOW64) AppleWebKit/537.36 (KHTML, like Gecko) Chrome/86.0.4240.198 Safari/537.36"
::1 - - [17/May/2021:12:21:30 +0700] "GET /wp-includes/css/dist/block-library/style.min.css?ver=5.7.1 HTTP/1.1" 200 58171 "http://wordpress.local/" "Mozilla/5.0 (Windows NT 10.0; WOW64) AppleWebKit/537.36 (KHTML, like Gecko) Chrome/86.0.4240.198 Safari/537.36"
::1 - - [17/May/2021:12:21:01 +0700] "GET / HTTP/1.1" 200 63558 "-" "Mozilla/5.0 (Windows NT 10.0; WOW64) AppleWebKit/537.36 (KHTML, like Gecko) Chrome/86.0.4240.198 Safari/537.36"
::1 - - [17/May/2021:12:20:58 +0700] "GET / HTTP/1.1" 200 63542 "-" "Mozilla/5.0 (Windows NT 10.0; WOW64) AppleWebKit/537.36 (KHTML, like Gecko) Chrome/86.0.4240.198 Safari/537.36"
::1 - - [17/May/2021:12:21:33 +0700] "GET /wp-content/themes/izabel/assets/css/blocks.css?ver=1.0 HTTP/1.1" 200 11912 "http://wordpress.local/" "Mozilla/5.0 (Windows NT 10.0; WOW64) AppleWebKit/537.36 (KHTML, like Gecko) Chrome/86.0.4240.198 Safari/537.36"
::1 - - [17/May/2021:12:21:33 +0700] "GET /wp-content/themes/izabel/style.css?ver=20210426-85347 HTTP/1.1" 200 189703 "http://wordpress.local/" "Mozilla/5.0 (Windows NT 10.0; WOW64) AppleWebKit/537.36 (KHTML, like Gecko) Chrome/86.0.4240.198 Safari/537.36"
::1 - - [17/May/2021:12:21:33 +0700] "GET /wp-includes/js/jquery/jquery-migrate.min.js?ver=3.3.2 HTTP/1.1" 200 11224 "http://wordpress.local/" "Mozilla/5.0 (Windows NT 10.0; WOW64) AppleWebKit/537.36 (KHTML, like Gecko) Chrome/86.0.4240.198 Safari/537.36"
::1 - - [17/May/2021:12:21:33 +0700] "GET /wp-includes/js/jquery/jquery.min.js?ver=3.5.1 HTTP/1.1" 200 89496 "http://wordpress.local/" "Mozilla/5.0 (Windows NT 10.0; WOW64) AppleWebKit/537.36 (KHTML, like Gecko) Chrome/86.0.4240.198 Safari/537.36"
::1 - - [17/May/2021:12:21:34 +0700] "GET /wp-content/themes/izabel/assets/js/skip-link-focus-fix.min.js?ver=20160816 HTTP/1.1" 200 501 "http://wordpress.local/" "Mozilla/5.0 (Windows NT 10.0; WOW64) AppleWebKit/537.36 (KHTML, like Gecko) Chrome/86.0.4240.198 Safari/537.36"
::1 - - [17/May/2021:12:21:34 +0700] "GET /wp-content/themes/izabel/assets/js/jquery.matchHeight.min.js?ver=20151215 HTTP/1.1" 200 3242 "http://wordpress.local/" "Mozilla/5.0 (Windows NT 10.0; WOW64) AppleWebKit/537.36 (KHTML, like Gecko) Chrome/86.0.4240.198 Safari/537.36"
::1 - - [17/May/2021:12:21:34 +0700] "GET /wp-content/themes/izabel/assets/js/fitvids.min.js?ver=1.1 HTTP/1.1" 200 1484 "http://wordpress.local/" "Mozilla/5.0 (Windows NT 10.0; WOW64) AppleWebKit/537.36 (KHTML, like Gecko) Chrome/86.0.4240.198 Safari/537.36"
::1 - - [17/May/2021:12:21:34 +0700] "GET /wp-content/themes/izabel/assets/js/functions.min.js?ver=20160816 HTTP/1.1" 200 8873 "http://wordpress.local/" "Mozilla/5.0 (Windows NT 10.0; WOW64) AppleWebKit/537.36 (KHTML, like Gecko) Chrome/86.0.4240.198 Safari/537.36"
::1 - - [17/May/2021:12:21:34 +0700] "GET /wp-content/themes/izabel/assets/images/header-image.jpg HTTP/1.1" 200 124506 "http://wordpress.local/" "Mozilla/5.0 (Windows NT 10.0; WOW64) AppleWebKit/537.36 (KHTML, like Gecko) Chrome/86.0.4240.198 Safari/537.36"
::1 - - [17/May/2021:12:21:34 +0700] "GET /wp-includes/js/wp-embed.min.js?ver=5.7.1 HTTP/1.1" 200 1426 "http://wordpress.local/" "Mozilla/5.0 (Windows NT 10.0; WOW64) AppleWebKit/537.36 (KHTML, like Gecko) Chrome/86.0.4240.198 Safari/537.36"
::1 - - [17/May/2021:12:21:34 +0700] "GET /wp-includes/js/wp-emoji-release.min.js?ver=5.7.1 HTTP/1.1" 200 14229 "http://wordpress.local/" "Mozilla/5.0 (Windows NT 10.0; WOW64) AppleWebKit/537.36 (KHTML, like Gecko) Chrome/86.0.4240.198 Safari/537.36"
::1 - - [17/May/2021:12:21:36 +0700] "GET /favicon.ico HTTP/1.1" 404 287 "http://wordpress.local/" "Mozilla/5.0 (Windows NT 10.0; WOW64) AppleWebKit/537.36 (KHTML, like Gecko) Chrome/86.0.4240.198 Safari/537.36"
::1 - - [17/May/2021:12:21:56 +0700] "GET /wp-admin HTTP/1.1" 301 331 "-" "Mozilla/5.0 (Windows NT 10.0; WOW64) AppleWebKit/537.36 (KHTML, like Gecko) Chrome/86.0.4240.198 Safari/537.36"
::1 - - [17/May/2021:12:21:56 +0700] "GET /wp-admin/ HTTP/1.1" 302 - "-" "Mozilla/5.0 (Windows NT 10.0; WOW64) AppleWebKit/537.36 (KHTML, like Gecko) Chrome/86.0.4240.198 Safari/537.36"
::1 - - [17/May/2021:12:21:58 +0700] "GET /wp-login.php?redirect_to=http%3A%2F%2Fwordpress.local%2Fwp-admin%2F&reauth=1 HTTP/1.1" 200 7521 "-" "Mozilla/5.0 (Windows NT 10.0; WOW64) AppleWebKit/537.36 (KHTML, like Gecko) Chrome/86.0.4240.198 Safari/537.36"
::1 - - [17/May/2021:12:21:58 +0700] "GET /wp-admin/css/l10n.min.css?ver=5.7.1 HTTP/1.1" 200 2477 "http://wordpress.local/wp-login.php?redirect_to=http%3A%2F%2Fwordpress.local%2Fwp-admin%2F&reauth=1" "Mozilla/5.0 (Windows NT 10.0; WOW64) AppleWebKit/537.36 (KHTML, like Gecko) Chrome/86.0.4240.198 Safari/537.36"
::1 - - [17/May/2021:12:21:58 +0700] "GET /wp-admin/css/login.min.css?ver=5.7.1 HTTP/1.1" 200 5661 "http://wordpress.local/wp-login.php?redirect_to=http%3A%2F%2Fwordpress.local%2Fwp-admin%2F&reauth=1" "Mozilla/5.0 (Windows NT 10.0; WOW64) AppleWebKit/537.36 (KHTML, like Gecko) Chrome/86.0.4240.198 Safari/537.36"
::1 - - [17/May/2021:12:21:58 +0700] "GET /wp-admin/css/forms.min.css?ver=5.7.1 HTTP/1.1" 200 25293 "http://wordpress.local/wp-login.php?redirect_to=http%3A%2F%2Fwordpress.local%2Fwp-admin%2F&reauth=1" "Mozilla/5.0 (Windows NT 10.0; WOW64) AppleWebKit/537.36 (KHTML, like Gecko) Chrome/86.0.4240.198 Safari/537.36"
::1 - - [17/May/2021:12:21:58 +0700] "GET /wp-includes/css/buttons.min.css?ver=5.7.1 HTTP/1.1" 200 5854 "http://wordpress.local/wp-login.php?redirect_to=http%3A%2F%2Fwordpress.local%2Fwp-admin%2F&reauth=1" "Mozilla/5.0 (Windows NT 10.0; WOW64) AppleWebKit/537.36 (KHTML, like Gecko) Chrome/86.0.4240.198 Safari/537.36"
::1 - - [17/May/2021:12:21:58 +0700] "GET /wp-includes/js/dist/hooks.min.js?ver=50e23bed88bcb9e6e14023e9961698c1 HTTP/1.1" 200 6937 "http://wordpress.local/wp-login.php?redirect_to=http%3A%2F%2Fwordpress.local%2Fwp-admin%2F&reauth=1" "Mozilla/5.0 (Windows NT 10.0; WOW64) AppleWebKit/537.36 (KHTML, like Gecko) Chrome/86.0.4240.198 Safari/537.36"
::1 - - [17/May/2021:12:21:58 +0700] "GET /wp-includes/js/dist/vendor/wp-polyfill.min.js?ver=7.4.4 HTTP/1.1" 200 99310 "http://wordpress.local/wp-login.php?redirect_to=http%3A%2F%2Fwordpress.local%2Fwp-admin%2F&reauth=1" "Mozilla/5.0 (Windows NT 10.0; WOW64) AppleWebKit/537.36 (KHTML, like Gecko) Chrome/86.0.4240.198 Safari/537.36"
::1 - - [17/May/2021:12:21:58 +0700] "GET /wp-includes/js/zxcvbn-async.min.js?ver=1.0 HTTP/1.1" 200 351 "http://wordpress.local/wp-login.php?redirect_to=http%3A%2F%2Fwordpress.local%2Fwp-admin%2F&reauth=1" "Mozilla/5.0 (Windows NT 10.0; WOW64) AppleWebKit/537.36 (KHTML, like Gecko) Chrome/86.0.4240.198 Safari/537.36"
::1 - - [17/May/2021:12:21:58 +0700] "GET /wp-includes/css/dashicons.min.css?ver=5.7.1 HTTP/1.1" 200 59016 "http://wordpress.local/wp-login.php?redirect_to=http%3A%2F%2Fwordpress.local%2Fwp-admin%2F&reauth=1" "Mozilla/5.0 (Windows NT 10.0; WOW64) AppleWebKit/537.36 (KHTML, like Gecko) Chrome/86.0.4240.198 Safari/537.36"
::1 - - [17/May/2021:12:21:59 +0700] "GET /wp-includes/js/dist/i18n.min.js?ver=db9a9a37da262883343e941c3731bc67 HTTP/1.1" 200 10166 "http://wordpress.local/wp-login.php?redirect_to=http%3A%2F%2Fwordpress.local%2Fwp-admin%2F&reauth=1" "Mozilla/5.0 (Windows NT 10.0; WOW64) AppleWebKit/537.36 (KHTML, like Gecko) Chrome/86.0.4240.198 Safari/537.36"
::1 - - [17/May/2021:12:21:59 +0700] "GET /wp-includes/js/wp-util.min.js?ver=5.7.1 HTTP/1.1" 200 1077 "http://wordpress.local/wp-login.php?redirect_to=http%3A%2F%2Fwordpress.local%2Fwp-admin%2F&reauth=1" "Mozilla/5.0 (Windows NT 10.0; WOW64) AppleWebKit/537.36 (KHTML, like Gecko) Chrome/86.0.4240.198 Safari/537.36"
::1 - - [17/May/2021:12:21:59 +0700] "GET /wp-admin/js/password-strength-meter.min.js?ver=5.7.1 HTTP/1.1" 200 1123 "http://wordpress.local/wp-login.php?redirect_to=http%3A%2F%2Fwordpress.local%2Fwp-admin%2F&reauth=1" "Mozilla/5.0 (Windows NT 10.0; WOW64) AppleWebKit/537.36 (KHTML, like Gecko) Chrome/86.0.4240.198 Safari/537.36"
::1 - - [17/May/2021:12:21:59 +0700] "GET /wp-admin/js/user-profile.min.js?ver=5.7.1 HTTP/1.1" 200 6113 "http://wordpress.local/wp-login.php?redirect_to=http%3A%2F%2Fwordpress.local%2Fwp-admin%2F&reauth=1" "Mozilla/5.0 (Windows NT 10.0; WOW64) AppleWebKit/537.36 (KHTML, like Gecko) Chrome/86.0.4240.198 Safari/537.36"
::1 - - [17/May/2021:12:21:59 +0700] "GET /wp-includes/js/underscore.min.js?ver=1.8.3 HTTP/1.1" 200 16045 "http://wordpress.local/wp-login.php?redirect_to=http%3A%2F%2Fwordpress.local%2Fwp-admin%2F&reauth=1" "Mozilla/5.0 (Windows NT 10.0; WOW64) AppleWebKit/537.36 (KHTML, like Gecko) Chrome/86.0.4240.198 Safari/537.36"
::1 - - [17/May/2021:12:22:00 +0700] "GET /wp-admin/images/wordpress-logo.svg?ver=20131107 HTTP/1.1" 200 1521 "http://wordpress.local/wp-admin/css/login.min.css?ver=5.7.1" "Mozilla/5.0 (Windows NT 10.0; WOW64) AppleWebKit/537.36 (KHTML, like Gecko) Chrome/86.0.4240.198 Safari/537.36"
::1 - - [17/May/2021:12:22:01 +0700] "GET /wp-includes/js/zxcvbn.min.js HTTP/1.1" 200 822237 "http://wordpress.local/wp-login.php?redirect_to=http%3A%2F%2Fwordpress.local%2Fwp-admin%2F&reauth=1" "Mozilla/5.0 (Windows NT 10.0; WOW64) AppleWebKit/537.36 (KHTML, like Gecko) Chrome/86.0.4240.198 Safari/537.36"
::1 - - [17/May/2021:12:22:07 +0700] "GET /wp-json/wp/v2/types/post?context=edit HTTP/1.1" 404 287 "http://wordpress.local/wp-json/wp/v2/types/post?context=edit" "WordPress/5.7.1; http://wordpress.local"
::1 - - [17/May/2021:12:22:08 +0700] "POST /wp-login.php HTTP/1.1" 200 7790 "http://wordpress.local/wp-login.php?redirect_to=http%3A%2F%2Fwordpress.local%2Fwp-admin%2F&reauth=1" "Mozilla/5.0 (Windows NT 10.0; WOW64) AppleWebKit/537.36 (KHTML, like Gecko) Chrome/86.0.4240.198 Safari/537.36"
::1 - - [17/May/2021:12:22:11 +0700] "POST /wp-cron.php HTTP/1.1" 200 - "http://wordpress.local/wp-cron.php" "WordPress/5.7.1; http://wordpress.local"
::1 - - [17/May/2021:12:21:27 +0700] "POST /wp-cron.php?doing_wp_cron=1621228887.3462579250335693359375 HTTP/1.1" 200 - "http://wordpress.local/wp-cron.php?doing_wp_cron=1621228887.3462579250335693359375" "WordPress/5.7.1; http://wordpress.local"
